<?xml version="1.0" encoding="UTF-8"?>
<testng-results ignored="0" total="1" passed="1" failed="0" skipped="0">
  <reporter-output>
    <line>
      <![CDATA[Google Search Page]]>
    </line>
    <line>
      <![CDATA[Google Search Page loaded Successfully]]>
    </line>
    <line>
      <![CDATA[Enter Venky in Google Search Page]]>
    </line>
  </reporter-output>
  <suite started-at="2024-05-14T15:04:10 IST" name="Suite" finished-at="2024-05-14T15:04:18 IST" duration-ms="7437">
    <groups>
    </groups>
    <test started-at="2024-05-14T15:04:10 IST" name="Test" finished-at="2024-05-14T15:04:18 IST" duration-ms="7437">
      <class name="com.cdw.practice.Scripts.Test001">
        <test-method is-config="true" signature="init()[pri:0, instance:com.cdw.practice.Scripts.Test001@2f7c2f4f]" started-at="2024-05-14T15:04:10 IST" name="init" finished-at="2024-05-14T15:04:16 IST" duration-ms="6149" status="PASS">
          <reporter-output>
            <line>
              <![CDATA[Google Search Page]]>
            </line>
          </reporter-output>
        </test-method> <!-- init -->
        <test-method signature="test001()[pri:0, instance:com.cdw.practice.Scripts.Test001@2f7c2f4f]" started-at="2024-05-14T15:04:16 IST" name="test001" finished-at="2024-05-14T15:04:18 IST" duration-ms="1056" status="PASS">
          <reporter-output>
            <line>
              <![CDATA[Google Search Page loaded Successfully]]>
            </line>
            <line>
              <![CDATA[Enter Venky in Google Search Page]]>
            </line>
          </reporter-output>
        </test-method> <!-- test001 -->
        <test-method is-config="true" signature="tearDown()[pri:0, instance:com.cdw.practice.Scripts.Test001@2f7c2f4f]" started-at="2024-05-14T15:04:18 IST" name="tearDown" finished-at="2024-05-14T15:04:18 IST" duration-ms="221" status="PASS">
          <reporter-output>
          </reporter-output>
        </test-method> <!-- tearDown -->
      </class> <!-- com.cdw.practice.Scripts.Test001 -->
    </test> <!-- Test -->
  </suite> <!-- Suite -->
</testng-results>
